<?xml version="1.0" encoding="UTF-8"?>
<!-- Generated by org.testng.reporters.JUnitReportReporter -->
<testsuite hostname="VISHAL" failures="0" tests="1" name="Testcases.tc002Signup" time="12.306" errors="0" timestamp="2023-09-16T18:14:10 IST" skipped="0">
  <testcase classname="Testcases.tc002Signup" name="signUp" time="12.306"/>
  <system-out/>
</testsuite> <!-- Testcases.tc002Signup -->
