<?xml version="1.0" encoding="UTF-8"?>
<!-- Generated by org.testng.reporters.JUnitReportReporter -->
<testsuite hostname="VISHAL" failures="0" tests="1" name="Testcases.tc006Logout" time="30.200" errors="0" timestamp="2023-09-16T18:14:09 IST" skipped="0">
  <testcase classname="Testcases.tc006Logout" name="logout" time="30.200"/>
  <system-out/>
</testsuite> <!-- Testcases.tc006Logout -->
