<?xml version="1.0" encoding="UTF-8"?>
<!-- Generated by org.testng.reporters.JUnitReportReporter -->
<testsuite hostname="VISHAL" failures="0" tests="1" name="Testcases.tc005ProductPurchase" time="64.694" errors="0" timestamp="2023-09-16T18:14:09 IST" skipped="0">
  <testcase classname="Testcases.tc005ProductPurchase" name="productOrder" time="64.694"/>
  <system-out/>
</testsuite> <!-- Testcases.tc005ProductPurchase -->
