<?xml version="1.0" encoding="UTF-8"?>
<!-- Generated by org.testng.reporters.JUnitReportReporter -->
<testsuite hostname="VISHAL" failures="0" tests="1" name="Testcases.tc001HomePage" time="43.099" errors="0" timestamp="2023-09-16T18:14:10 IST" skipped="0">
  <testcase classname="Testcases.tc001HomePage" name="launch" time="43.099"/>
  <system-out/>
</testsuite> <!-- Testcases.tc001HomePage -->
