<?xml version="1.0" encoding="UTF-8"?>
<!-- Generated by org.testng.reporters.JUnitReportReporter -->
<testsuite hostname="VISHAL" failures="0" tests="1" name="Testcases.HomeTestcases" time="8.350" errors="0" timestamp="2023-09-15T11:49:08 IST" skipped="0">
  <testcase classname="Testcases.HomeTestcases" name="launch" time="8.350"/>
  <system-out/>
</testsuite> <!-- Testcases.HomeTestcases -->
