<?xml version="1.0" encoding="UTF-8"?>
<!-- Generated by org.testng.reporters.JUnitReportReporter -->
<testsuite hostname="VISHAL" failures="0" tests="1" name="Testcases.HomeTestcases_tc001" time="12.759" errors="0" timestamp="2023-09-15T13:00:35 IST" skipped="0">
  <testcase classname="Testcases.HomeTestcases_tc001" name="launch" time="12.759"/>
  <system-out/>
</testsuite> <!-- Testcases.HomeTestcases_tc001 -->
