<?xml version="1.0" encoding="UTF-8"?>
<!-- Generated by org.testng.reporters.JUnitReportReporter -->
<testsuite hostname="VISHAL" failures="0" tests="1" name="Testcases.SignupTestcases" time="4.466" errors="0" timestamp="2023-09-15T13:41:29 IST" skipped="0">
  <testcase classname="Testcases.SignupTestcases" name="signup_tc002" time="4.466"/>
  <system-out/>
</testsuite> <!-- Testcases.SignupTestcases -->
