<?xml version="1.0" encoding="UTF-8"?>
<!-- Generated by org.testng.reporters.JUnitReportReporter -->
<testsuite hostname="VISHAL" failures="0" tests="1" name="Testcases.Tc003LoginTestcase" time="6.622" errors="0" timestamp="2023-09-15T15:15:14 IST" skipped="0">
  <testcase classname="Testcases.Tc003LoginTestcase" name="loginTest" time="6.622"/>
  <system-out/>
</testsuite> <!-- Testcases.Tc003LoginTestcase -->
